  Main.cpp
Main.cpp(142): warning C4244: '引数': 'double' から 'int' への変換です。データが失われる可能性があります。
Main.cpp(145): warning C4244: '引数': 'double' から 'int' への変換です。データが失われる可能性があります。
Main.cpp(147): warning C4244: '引数': 'double' から 'int' への変換です。データが失われる可能性があります。
Main.cpp(148): warning C4244: '引数': 'double' から 'int' への変換です。データが失われる可能性があります。
Main.cpp(152): warning C4244: '引数': 'double' から 'int' への変換です。データが失われる可能性があります。
Main.cpp(155): warning C4244: '引数': 'double' から 'int' への変換です。データが失われる可能性があります。
Main.cpp(157): warning C4244: '引数': 'double' から 'int' への変換です。データが失われる可能性があります。
Main.cpp(158): warning C4244: '引数': 'double' から 'int' への変換です。データが失われる可能性があります。
Main.cpp(163): warning C4244: '引数': 'double' から 'int' への変換です。データが失われる可能性があります。
Main.cpp(167): warning C4244: '引数': 'double' から 'int' への変換です。データが失われる可能性があります。
Main.cpp(170): warning C4244: '引数': 'double' から 'int' への変換です。データが失われる可能性があります。
Main.cpp(171): warning C4244: '引数': 'double' から 'int' への変換です。データが失われる可能性があります。
Main.cpp(364): warning C4244: '引数': 'double' から 'int' への変換です。データが失われる可能性があります。
Main.cpp(367): warning C4244: '引数': 'double' から 'int' への変換です。データが失われる可能性があります。
Main.cpp(368): warning C4244: '引数': 'double' から 'int' への変換です。データが失われる可能性があります。
Main.cpp(413): warning C4244: '引数': 'double' から 'int' への変換です。データが失われる可能性があります。
Main.cpp(414): warning C4244: '引数': 'double' から 'int' への変換です。データが失われる可能性があります。
Main.cpp(415): warning C4244: '引数': 'double' から 'int' への変換です。データが失われる可能性があります。
Main.cpp(528): warning C4244: '引数': 'double' から 'int' への変換です。データが失われる可能性があります。
Main.cpp(532): warning C4244: '引数': 'double' から 'int' への変換です。データが失われる可能性があります。
Main.cpp(534): warning C4244: '引数': 'double' から 'int' への変換です。データが失われる可能性があります。
Main.cpp(535): warning C4244: '引数': 'double' から 'int' への変換です。データが失われる可能性があります。
Main.cpp(540): warning C4244: '引数': 'double' から 'int' への変換です。データが失われる可能性があります。
Main.cpp(544): warning C4244: '引数': 'double' から 'int' への変換です。データが失われる可能性があります。
Main.cpp(546): warning C4244: '引数': 'double' から 'int' への変換です。データが失われる可能性があります。
Main.cpp(547): warning C4244: '引数': 'double' から 'int' への変換です。データが失われる可能性があります。
Main.cpp(551): warning C4244: '引数': 'double' から 'int' への変換です。データが失われる可能性があります。
Main.cpp(555): warning C4244: '引数': 'double' から 'int' への変換です。データが失われる可能性があります。
Main.cpp(557): warning C4244: '引数': 'double' から 'int' への変換です。データが失われる可能性があります。
Main.cpp(558): warning C4244: '引数': 'double' から 'int' への変換です。データが失われる可能性があります。
  コード生成しています。
  1 of 50 functions ( 2.0%) were compiled, the rest were copied from previous compilation.
    0 functions were new in current compilation
    1 functions had inline decision re-evaluated but remain unchanged
  コード生成が終了しました。
  MegaOthello.vcxproj -> C:\Users\Owner\プログラム\自作プログラム\MegaOthello\Release\MegaOthello.exe
