cl : コマンド ライン warning D9025: '/D_UNICODE' より '/U_UNICODE' が優先されます。
cl : コマンド ライン warning D9025: '/DUNICODE' より '/UUNICODE' が優先されます。
  Main.cpp
c:\users\owner\プログラム\自作プログラム\megaothello\megaothello\main.cpp(142): warning C4244: '引数': 'double' から 'int' への変換です。データが失われる可能性があります。
c:\users\owner\プログラム\自作プログラム\megaothello\megaothello\main.cpp(145): warning C4244: '引数': 'double' から 'int' への変換です。データが失われる可能性があります。
c:\users\owner\プログラム\自作プログラム\megaothello\megaothello\main.cpp(147): warning C4244: '引数': 'double' から 'int' への変換です。データが失われる可能性があります。
c:\users\owner\プログラム\自作プログラム\megaothello\megaothello\main.cpp(148): warning C4244: '引数': 'double' から 'int' への変換です。データが失われる可能性があります。
c:\users\owner\プログラム\自作プログラム\megaothello\megaothello\main.cpp(152): warning C4244: '引数': 'double' から 'int' への変換です。データが失われる可能性があります。
c:\users\owner\プログラム\自作プログラム\megaothello\megaothello\main.cpp(155): warning C4244: '引数': 'double' から 'int' への変換です。データが失われる可能性があります。
c:\users\owner\プログラム\自作プログラム\megaothello\megaothello\main.cpp(157): warning C4244: '引数': 'double' から 'int' への変換です。データが失われる可能性があります。
c:\users\owner\プログラム\自作プログラム\megaothello\megaothello\main.cpp(158): warning C4244: '引数': 'double' から 'int' への変換です。データが失われる可能性があります。
c:\users\owner\プログラム\自作プログラム\megaothello\megaothello\main.cpp(163): warning C4244: '引数': 'double' から 'int' への変換です。データが失われる可能性があります。
c:\users\owner\プログラム\自作プログラム\megaothello\megaothello\main.cpp(167): warning C4244: '引数': 'double' から 'int' への変換です。データが失われる可能性があります。
c:\users\owner\プログラム\自作プログラム\megaothello\megaothello\main.cpp(170): warning C4244: '引数': 'double' から 'int' への変換です。データが失われる可能性があります。
c:\users\owner\プログラム\自作プログラム\megaothello\megaothello\main.cpp(171): warning C4244: '引数': 'double' から 'int' への変換です。データが失われる可能性があります。
c:\users\owner\プログラム\自作プログラム\megaothello\megaothello\main.cpp(364): warning C4244: '引数': 'double' から 'int' への変換です。データが失われる可能性があります。
c:\users\owner\プログラム\自作プログラム\megaothello\megaothello\main.cpp(367): warning C4244: '引数': 'double' から 'int' への変換です。データが失われる可能性があります。
c:\users\owner\プログラム\自作プログラム\megaothello\megaothello\main.cpp(368): warning C4244: '引数': 'double' から 'int' への変換です。データが失われる可能性があります。
c:\users\owner\プログラム\自作プログラム\megaothello\megaothello\main.cpp(413): warning C4244: '引数': 'double' から 'int' への変換です。データが失われる可能性があります。
c:\users\owner\プログラム\自作プログラム\megaothello\megaothello\main.cpp(414): warning C4244: '引数': 'double' から 'int' への変換です。データが失われる可能性があります。
c:\users\owner\プログラム\自作プログラム\megaothello\megaothello\main.cpp(415): warning C4244: '引数': 'double' から 'int' への変換です。データが失われる可能性があります。
c:\users\owner\プログラム\自作プログラム\megaothello\megaothello\main.cpp(528): warning C4244: '引数': 'double' から 'int' への変換です。データが失われる可能性があります。
c:\users\owner\プログラム\自作プログラム\megaothello\megaothello\main.cpp(532): warning C4244: '引数': 'double' から 'int' への変換です。データが失われる可能性があります。
c:\users\owner\プログラム\自作プログラム\megaothello\megaothello\main.cpp(534): warning C4244: '引数': 'double' から 'int' への変換です。データが失われる可能性があります。
c:\users\owner\プログラム\自作プログラム\megaothello\megaothello\main.cpp(535): warning C4244: '引数': 'double' から 'int' への変換です。データが失われる可能性があります。
c:\users\owner\プログラム\自作プログラム\megaothello\megaothello\main.cpp(540): warning C4244: '引数': 'double' から 'int' への変換です。データが失われる可能性があります。
c:\users\owner\プログラム\自作プログラム\megaothello\megaothello\main.cpp(544): warning C4244: '引数': 'double' から 'int' への変換です。データが失われる可能性があります。
c:\users\owner\プログラム\自作プログラム\megaothello\megaothello\main.cpp(546): warning C4244: '引数': 'double' から 'int' への変換です。データが失われる可能性があります。
c:\users\owner\プログラム\自作プログラム\megaothello\megaothello\main.cpp(547): warning C4244: '引数': 'double' から 'int' への変換です。データが失われる可能性があります。
c:\users\owner\プログラム\自作プログラム\megaothello\megaothello\main.cpp(551): warning C4244: '引数': 'double' から 'int' への変換です。データが失われる可能性があります。
c:\users\owner\プログラム\自作プログラム\megaothello\megaothello\main.cpp(555): warning C4244: '引数': 'double' から 'int' への変換です。データが失われる可能性があります。
c:\users\owner\プログラム\自作プログラム\megaothello\megaothello\main.cpp(557): warning C4244: '引数': 'double' から 'int' への変換です。データが失われる可能性があります。
c:\users\owner\プログラム\自作プログラム\megaothello\megaothello\main.cpp(558): warning C4244: '引数': 'double' から 'int' への変換です。データが失われる可能性があります。
  BoardNormal.cpp
  コードを生成中...
  MegaOthello.vcxproj -> C:\Users\Owner\プログラム\自作プログラム\MegaOthello\x64\Debug\MegaOthello.exe
